Determining if the pthread_create exist failed with the following output:
Change Dir: /run/media/u1800015/USB-ALPHA/C++/OpenGLProject/cmake-build-debug/CMakeFiles/CMakeTmp

Run Build Command(s):/usr/bin/gmake cmTC_a9006/fast 
/usr/bin/gmake -f CMakeFiles/cmTC_a9006.dir/build.make CMakeFiles/cmTC_a9006.dir/build
gmake[1]: Entering directory `/run/media/u1800015/USB-ALPHA/C++/OpenGLProject/cmake-build-debug/CMakeFiles/CMakeTmp'
Building C object CMakeFiles/cmTC_a9006.dir/CheckSymbolExists.c.o
/usr/bin/cc    -o CMakeFiles/cmTC_a9006.dir/CheckSymbolExists.c.o   -c /run/media/u1800015/USB-ALPHA/C++/OpenGLProject/cmake-build-debug/CMakeFiles/CMakeTmp/CheckSymbolExists.c
Linking C executable cmTC_a9006
/run/media/u1800015/USB-ALPHA/clion-2019.1.2/bin/cmake/linux/bin/cmake -E cmake_link_script CMakeFiles/cmTC_a9006.dir/link.txt --verbose=1
/usr/bin/cc      -rdynamic CMakeFiles/cmTC_a9006.dir/CheckSymbolExists.c.o  -o cmTC_a9006 
CMakeFiles/cmTC_a9006.dir/CheckSymbolExists.c.o: In function `main':
CheckSymbolExists.c:(.text+0x16): undefined reference to `pthread_create'
collect2: error: ld returned 1 exit status
gmake[1]: *** [cmTC_a9006] Error 1
gmake[1]: Leaving directory `/run/media/u1800015/USB-ALPHA/C++/OpenGLProject/cmake-build-debug/CMakeFiles/CMakeTmp'
gmake: *** [cmTC_a9006/fast] Error 2

File /run/media/u1800015/USB-ALPHA/C++/OpenGLProject/cmake-build-debug/CMakeFiles/CMakeTmp/CheckSymbolExists.c:
/* */
#include <pthread.h>

int main(int argc, char** argv)
{
  (void)argv;
#ifndef pthread_create
  return ((int*)(&pthread_create))[argc];
#else
  (void)argc;
  return 0;
#endif
}

Determining if the function pthread_create exists in the pthreads failed with the following output:
Change Dir: /run/media/u1800015/USB-ALPHA/C++/OpenGLProject/cmake-build-debug/CMakeFiles/CMakeTmp

Run Build Command(s):/usr/bin/gmake cmTC_50c46/fast 
/usr/bin/gmake -f CMakeFiles/cmTC_50c46.dir/build.make CMakeFiles/cmTC_50c46.dir/build
gmake[1]: Entering directory `/run/media/u1800015/USB-ALPHA/C++/OpenGLProject/cmake-build-debug/CMakeFiles/CMakeTmp'
Building C object CMakeFiles/cmTC_50c46.dir/CheckFunctionExists.c.o
/usr/bin/cc   -DCHECK_FUNCTION_EXISTS=pthread_create   -o CMakeFiles/cmTC_50c46.dir/CheckFunctionExists.c.o   -c /run/media/u1800015/USB-ALPHA/clion-2019.1.2/bin/cmake/linux/share/cmake-3.14/Modules/CheckFunctionExists.c
Linking C executable cmTC_50c46
/run/media/u1800015/USB-ALPHA/clion-2019.1.2/bin/cmake/linux/bin/cmake -E cmake_link_script CMakeFiles/cmTC_50c46.dir/link.txt --verbose=1
/usr/bin/cc  -DCHECK_FUNCTION_EXISTS=pthread_create    -rdynamic CMakeFiles/cmTC_50c46.dir/CheckFunctionExists.c.o  -o cmTC_50c46 -lpthreads 
/usr/bin/ld: cannot find -lpthreads
collect2: error: ld returned 1 exit status
gmake[1]: *** [cmTC_50c46] Error 1
gmake[1]: Leaving directory `/run/media/u1800015/USB-ALPHA/C++/OpenGLProject/cmake-build-debug/CMakeFiles/CMakeTmp'
gmake: *** [cmTC_50c46/fast] Error 2


